<?xml version="1.0" encoding="UTF-8"?>
<testsuite name="com.tr.example.tests.GroupModificationTest" tests="1" skipped="0" failures="0" errors="0" timestamp="2018-05-26T19:14:01" hostname="Asus" time="15.671">
  <properties/>
  <testcase name="testGroupModification" classname="com.tr.example.tests.GroupModificationTest" time="15.671"/>
  <system-out><![CDATA[]]></system-out>
  <system-err><![CDATA[]]></system-err>
</testsuite>
